[INFO] Scanning for projects...
[INFO] 
[INFO] ------------------< com.skillbridge:career-navigator >------------------
[INFO] Building  0.0.1-SNAPSHOT
[INFO]   from pom.xml
[INFO] --------------------------------[ jar ]---------------------------------
[INFO] 
[INFO] --- clean:3.4.0:clean (default-clean) @ career-navigator ---
[INFO] Deleting C:\Users\Divyasha Singh\Desktop\JAVA Backend\career-navigator\backend\target
[INFO] 
[INFO] --- resources:3.3.1:resources (default-resources) @ career-navigator ---
[INFO] Copying 1 resource from src\main\resources to target\classes
[INFO] Copying 0 resource from src\main\resources to target\classes
[INFO] 
[INFO] --- compiler:3.13.0:compile (default-compile) @ career-navigator ---
[INFO] Recompiling the module because of changed source code.
[INFO] Compiling 28 source files with javac [debug parameters release 17] to target\classes
[INFO] /C:/Users/Divyasha Singh/Desktop/JAVA Backend/career-navigator/backend/src/main/java/com/skillbridge/career_navigator/service/NlpSkillExtractionService.java: Some input files use unchecked or unsafe operations.
[INFO] /C:/Users/Divyasha Singh/Desktop/JAVA Backend/career-navigator/backend/src/main/java/com/skillbridge/career_navigator/service/NlpSkillExtractionService.java: Recompile with -Xlint:unchecked for details.
[INFO] ------------------------------------------------------------------------
[INFO] BUILD SUCCESS
[INFO] ------------------------------------------------------------------------
[INFO] Total time:  6.007 s
[INFO] Finished at: 2026-03-19T17:06:31+05:30
[INFO] ------------------------------------------------------------------------
