[INFO] Scanning for projects...
[INFO] 
[INFO] ------------------< com.skillbridge:career-navigator >------------------
[INFO] Building  0.0.1-SNAPSHOT
[INFO]   from pom.xml
[INFO] --------------------------------[ jar ]---------------------------------
[INFO] 
[INFO] >>> spring-boot:3.4.2:run (default-cli) > test-compile @ career-navigator >>>
[INFO] 
[INFO] --- resources:3.3.1:resources (default-resources) @ career-navigator ---
[INFO] Copying 2 resources from src\main\resources to target\classes
[INFO] Copying 0 resource from src\main\resources to target\classes
[INFO] 
[INFO] --- compiler:3.13.0:compile (default-compile) @ career-navigator ---
[INFO] Nothing to compile - all classes are up to date.
[INFO] 
[INFO] --- resources:3.3.1:testResources (default-testResources) @ career-navigator ---
[INFO] Copying 1 resource from src\test\resources to target\test-classes
[INFO] 
[INFO] --- compiler:3.13.0:testCompile (default-testCompile) @ career-navigator ---
[INFO] Recompiling the module because of changed source code.
[INFO] Compiling 7 source files with javac [debug parameters release 17] to target\test-classes
[INFO] /C:/Users/Divyasha Singh/Desktop/JAVA Backend/career-navigator/backend/src/test/java/com/skillbridge/careernavigator/service/RoadmapGenerationServiceTest.java: C:\Users\Divyasha Singh\Desktop\JAVA Backend\career-navigator\backend\src\test\java\com\skillbridge\careernavigator\service\RoadmapGenerationServiceTest.java uses unchecked or unsafe operations.
[INFO] /C:/Users/Divyasha Singh/Desktop/JAVA Backend/career-navigator/backend/src/test/java/com/skillbridge/careernavigator/service/RoadmapGenerationServiceTest.java: Recompile with -Xlint:unchecked for details.
[INFO] 
[INFO] <<< spring-boot:3.4.2:run (default-cli) < test-compile @ career-navigator <<<
[INFO] 
[INFO] 
[INFO] --- spring-boot:3.4.2:run (default-cli) @ career-navigator ---
[INFO] Attaching agents: []

  .   ____          _            __ _ _
 /\\ / ___'_ __ _ _(_)_ __  __ _ \ \ \ \
( ( )\___ | '_ | '_| | '_ \/ _` | \ \ \ \
 \\/  ___)| |_)| | | | | || (_| |  ) ) ) )
  '  |____| .__|_| |_|_| |_\__, | / / / /
 =========|_|==============|___/=/_/_/_/

 :: Spring Boot ::                (v3.4.2)

2026-03-19T18:00:12.851+05:30  INFO 17336 --- [career-navigator] [  restartedMain] c.s.c.CareerNavigatorApplication         : Starting CareerNavigatorApplication using Java 17.0.17 with PID 17336 (C:\Users\Divyasha Singh\Desktop\JAVA Backend\career-navigator\backend\target\classes started by Divyasha Singh in C:\Users\Divyasha Singh\Desktop\JAVA Backend\career-navigator\backend)
2026-03-19T18:00:12.856+05:30  INFO 17336 --- [career-navigator] [  restartedMain] c.s.c.CareerNavigatorApplication         : The following 1 profile is active: "local"
2026-03-19T18:00:12.982+05:30  INFO 17336 --- [career-navigator] [  restartedMain] .e.DevToolsPropertyDefaultsPostProcessor : Devtools property defaults active! Set 'spring.devtools.add-properties' to 'false' to disable
2026-03-19T18:00:12.982+05:30  INFO 17336 --- [career-navigator] [  restartedMain] .e.DevToolsPropertyDefaultsPostProcessor : For additional web related logging consider setting the 'logging.level.web' property to 'DEBUG'
2026-03-19T18:00:14.767+05:30  INFO 17336 --- [career-navigator] [  restartedMain] .s.d.r.c.RepositoryConfigurationDelegate : Bootstrapping Spring Data JPA repositories in DEFAULT mode.
2026-03-19T18:00:14.915+05:30  INFO 17336 --- [career-navigator] [  restartedMain] .s.d.r.c.RepositoryConfigurationDelegate : Finished Spring Data repository scanning in 130 ms. Found 5 JPA repository interfaces.
2026-03-19T18:00:18.258+05:30  INFO 17336 --- [career-navigator] [  restartedMain] o.s.b.w.embedded.tomcat.TomcatWebServer  : Tomcat initialized with port 8080 (http)
2026-03-19T18:00:18.294+05:30  INFO 17336 --- [career-navigator] [  restartedMain] o.apache.catalina.core.StandardService   : Starting service [Tomcat]
2026-03-19T18:00:18.294+05:30  INFO 17336 --- [career-navigator] [  restartedMain] o.apache.catalina.core.StandardEngine    : Starting Servlet engine: [Apache Tomcat/10.1.34]
2026-03-19T18:00:18.443+05:30  INFO 17336 --- [career-navigator] [  restartedMain] o.a.c.c.C.[Tomcat].[localhost].[/]       : Initializing Spring embedded WebApplicationContext
2026-03-19T18:00:18.450+05:30  INFO 17336 --- [career-navigator] [  restartedMain] w.s.c.ServletWebServerApplicationContext : Root WebApplicationContext: initialization completed in 5463 ms
2026-03-19T18:00:18.894+05:30  INFO 17336 --- [career-navigator] [  restartedMain] o.hibernate.jpa.internal.util.LogHelper  : HHH000204: Processing PersistenceUnitInfo [name: default]
2026-03-19T18:00:19.044+05:30  INFO 17336 --- [career-navigator] [  restartedMain] org.hibernate.Version                    : HHH000412: Hibernate ORM core version 6.6.5.Final
2026-03-19T18:00:19.126+05:30  INFO 17336 --- [career-navigator] [  restartedMain] o.h.c.internal.RegionFactoryInitiator    : HHH000026: Second-level cache disabled
2026-03-19T18:00:19.850+05:30  INFO 17336 --- [career-navigator] [  restartedMain] o.s.o.j.p.SpringPersistenceUnitInfo      : No LoadTimeWeaver setup: ignoring JPA class transformer
2026-03-19T18:00:19.942+05:30  INFO 17336 --- [career-navigator] [  restartedMain] com.zaxxer.hikari.HikariDataSource       : HikariPool-1 - Starting...
2026-03-19T18:00:20.372+05:30  INFO 17336 --- [career-navigator] [  restartedMain] com.zaxxer.hikari.pool.HikariPool        : HikariPool-1 - Added connection conn0: url=jdbc:h2:mem:careernavigator user=SA
2026-03-19T18:00:20.373+05:30  INFO 17336 --- [career-navigator] [  restartedMain] com.zaxxer.hikari.HikariDataSource       : HikariPool-1 - Start completed.
2026-03-19T18:00:20.445+05:30  WARN 17336 --- [career-navigator] [  restartedMain] org.hibernate.orm.deprecation            : HHH90000025: H2Dialect does not need to be specified explicitly using 'hibernate.dialect' (remove the property setting and it will be selected by default)
2026-03-19T18:00:20.497+05:30  INFO 17336 --- [career-navigator] [  restartedMain] org.hibernate.orm.connections.pooling    : HHH10001005: Database info:
	Database JDBC URL [Connecting through datasource 'HikariDataSource (HikariPool-1)']
	Database driver: undefined/unknown
	Database version: 2.3.232
	Autocommit mode: undefined/unknown
	Isolation level: undefined/unknown
	Minimum pool size: undefined/unknown
	Maximum pool size: undefined/unknown
2026-03-19T18:00:23.194+05:30  INFO 17336 --- [career-navigator] [  restartedMain] o.h.e.t.j.p.i.JtaPlatformInitiator       : HHH000489: No JTA platform available (set 'hibernate.transaction.jta.platform' to enable JTA platform integration)
Hibernate: 
    create table role (
        id uuid not null,
        created_at timestamp(6) not null,
        title varchar(100) not null,
        primary key (id)
    )
Hibernate: 
    create table role_skills (
        id uuid not null,
        created_at timestamp(6) not null,
        priority integer not null,
        skill_id uuid not null,
        role_id uuid,
        primary key (id)
    )
Hibernate: 
    create table skill (
        id uuid not null,
        created_at timestamp(6) not null,
        name varchar(100) not null,
        score integer not null,
        primary key (id)
    )
Hibernate: 
    create table skill_alias (
        id uuid not null,
        alias_name varchar(100) not null,
        created_at timestamp(6) not null,
        skill_id uuid not null,
        primary key (id)
    )
Hibernate: 
    create table skill_content (
        id uuid not null,
        created_at timestamp(6) not null,
        level varchar(20) not null,
        resource_type varchar(50) not null,
        url TEXT not null,
        skill_id uuid not null,
        primary key (id)
    )
Hibernate: 
    alter table if exists role 
       drop constraint if exists UKfmnrnqscmgmb1ht3kirjbjwl
Hibernate: 
    alter table if exists role 
       add constraint UKfmnrnqscmgmb1ht3kirjbjwl unique (title)
Hibernate: 
    alter table if exists skill 
       drop constraint if exists UK5ljf2l2h4odhtxrsuohlro4ir
Hibernate: 
    alter table if exists skill 
       add constraint UK5ljf2l2h4odhtxrsuohlro4ir unique (name)
Hibernate: 
    alter table if exists skill_alias 
       drop constraint if exists UKm5akox9fdrowre22w8c5q57id
Hibernate: 
    alter table if exists skill_alias 
       add constraint UKm5akox9fdrowre22w8c5q57id unique (skill_id, alias_name)
Hibernate: 
    alter table if exists skill_content 
       drop constraint if exists UK5v1scgueioey8xlk04div970m
Hibernate: 
    alter table if exists skill_content 
       add constraint UK5v1scgueioey8xlk04div970m unique (skill_id, level, url)
Hibernate: 
    alter table if exists role_skills 
       add constraint FKham3rcvcqbejxw0d0ihkbplhp 
       foreign key (skill_id) 
       references skill
Hibernate: 
    alter table if exists role_skills 
       add constraint FK1210tdwj81jttu458ukn1510r 
       foreign key (role_id) 
       references role
Hibernate: 
    alter table if exists skill_alias 
       add constraint FKnwjobqao5mxsvxg4m7of9wa7o 
       foreign key (skill_id) 
       references skill
Hibernate: 
    alter table if exists skill_content 
       add constraint FKbk98hbeaew9872nvrj52cf6xc 
       foreign key (skill_id) 
       references skill
2026-03-19T18:00:23.368+05:30  INFO 17336 --- [career-navigator] [  restartedMain] j.LocalContainerEntityManagerFactoryBean : Initialized JPA EntityManagerFactory for persistence unit 'default'
2026-03-19T18:00:24.759+05:30  WARN 17336 --- [career-navigator] [  restartedMain] JpaBaseConfiguration$JpaWebConfiguration : spring.jpa.open-in-view is enabled by default. Therefore, database queries may be performed during view rendering. Explicitly configure spring.jpa.open-in-view to disable this warning
2026-03-19T18:00:25.283+05:30  INFO 17336 --- [career-navigator] [  restartedMain] o.s.b.a.h2.H2ConsoleAutoConfiguration    : H2 console available at '/h2-console'. Database available at 'jdbc:h2:mem:careernavigator'
2026-03-19T18:00:25.438+05:30  WARN 17336 --- [career-navigator] [  restartedMain] o.s.b.d.a.OptionalLiveReloadServer       : Unable to start LiveReload server
2026-03-19T18:00:25.478+05:30  WARN 17336 --- [career-navigator] [  restartedMain] ConfigServletWebServerApplicationContext : Exception encountered during context initialization - cancelling refresh attempt: org.springframework.context.ApplicationContextException: Failed to start bean 'webServerStartStop'
2026-03-19T18:00:25.481+05:30  INFO 17336 --- [career-navigator] [  restartedMain] j.LocalContainerEntityManagerFactoryBean : Closing JPA EntityManagerFactory for persistence unit 'default'
2026-03-19T18:00:25.488+05:30  WARN 17336 --- [career-navigator] [  restartedMain] o.s.b.f.support.DisposableBeanAdapter    : Invocation of destroy method failed on bean with name 'inMemoryDatabaseShutdownExecutor': org.h2.jdbc.JdbcSQLNonTransientConnectionException: Database is already closed (to disable automatic closing at VM shutdown, add ";DB_CLOSE_ON_EXIT=FALSE" to the db URL) [90121-232]
2026-03-19T18:00:25.488+05:30  INFO 17336 --- [career-navigator] [  restartedMain] com.zaxxer.hikari.HikariDataSource       : HikariPool-1 - Shutdown initiated...
2026-03-19T18:00:25.493+05:30  INFO 17336 --- [career-navigator] [  restartedMain] com.zaxxer.hikari.HikariDataSource       : HikariPool-1 - Shutdown completed.
2026-03-19T18:00:25.524+05:30  INFO 17336 --- [career-navigator] [  restartedMain] .s.b.a.l.ConditionEvaluationReportLogger : 

Error starting ApplicationContext. To display the condition evaluation report re-run your application with 'debug' enabled.
2026-03-19T18:00:25.568+05:30 ERROR 17336 --- [career-navigator] [  restartedMain] o.s.b.d.LoggingFailureAnalysisReporter   : 

***************************
APPLICATION FAILED TO START
***************************

Description:

Web server failed to start. Port 8080 was already in use.

Action:

Identify and stop the process that's listening on port 8080 or configure this application to listen on another port.

[INFO] ------------------------------------------------------------------------
[INFO] BUILD SUCCESS
[INFO] ------------------------------------------------------------------------
[INFO] Total time:  28.471 s
[INFO] Finished at: 2026-03-19T18:00:25+05:30
[INFO] ------------------------------------------------------------------------
