[INFO] Scanning for projects...
[INFO] 
[INFO] ------------------< com.skillbridge:career-navigator >------------------
[INFO] Building  0.0.1-SNAPSHOT
[INFO]   from pom.xml
[INFO] --------------------------------[ jar ]---------------------------------
[INFO] 
[INFO] --- clean:3.4.0:clean (default-clean) @ career-navigator ---
[INFO] Deleting C:\Users\Divyasha Singh\Desktop\JAVA Backend\career-navigator\backend\target
[INFO] 
[INFO] --- resources:3.3.1:resources (default-resources) @ career-navigator ---
[INFO] Copying 1 resource from src\main\resources to target\classes
[INFO] Copying 0 resource from src\main\resources to target\classes
[INFO] 
[INFO] --- compiler:3.13.0:compile (default-compile) @ career-navigator ---
[INFO] Recompiling the module because of changed source code.
[INFO] Compiling 28 source files with javac [debug parameters release 17] to target\classes
[INFO] /C:/Users/Divyasha Singh/Desktop/JAVA Backend/career-navigator/backend/src/main/java/com/skillbridge/career_navigator/service/NlpSkillExtractionService.java: Some input files use unchecked or unsafe operations.
[INFO] /C:/Users/Divyasha Singh/Desktop/JAVA Backend/career-navigator/backend/src/main/java/com/skillbridge/career_navigator/service/NlpSkillExtractionService.java: Recompile with -Xlint:unchecked for details.
[INFO] -------------------------------------------------------------
[ERROR] COMPILATION ERROR : 
[INFO] -------------------------------------------------------------
[ERROR] /C:/Users/Divyasha Singh/Desktop/JAVA Backend/career-navigator/backend/src/main/java/com/skillbridge/career_navigator/controller/RoadmapController.java:[106,13] cannot find symbol
  symbol:   class FallbackResponseDto
  location: class com.skillbridge.career_navigator.controller.RoadmapController
[INFO] 1 error
[INFO] -------------------------------------------------------------
[INFO] ------------------------------------------------------------------------
[INFO] BUILD FAILURE
[INFO] ------------------------------------------------------------------------
[INFO] Total time:  5.537 s
[INFO] Finished at: 2026-03-19T16:54:13+05:30
[INFO] ------------------------------------------------------------------------
[ERROR] Failed to execute goal org.apache.maven.plugins:maven-compiler-plugin:3.13.0:compile (default-compile) on project career-navigator: Compilation failure
[ERROR] /C:/Users/Divyasha Singh/Desktop/JAVA Backend/career-navigator/backend/src/main/java/com/skillbridge/career_navigator/controller/RoadmapController.java:[106,13] cannot find symbol
[ERROR]   symbol:   class FallbackResponseDto
[ERROR]   location: class com.skillbridge.career_navigator.controller.RoadmapController
[ERROR] -> [Help 1]
[ERROR] 
[ERROR] To see the full stack trace of the errors, re-run Maven with the -e switch.
[ERROR] Re-run Maven using the -X switch to enable full debug logging.
[ERROR] 
[ERROR] For more information about the errors and possible solutions, please read the following articles:
[ERROR] [Help 1] http://cwiki.apache.org/confluence/display/MAVEN/MojoFailureException
