[INFO] Scanning for projects...
[INFO] 
[INFO] ------------------< com.skillbridge:career-navigator >------------------
[INFO] Building  0.0.1-SNAPSHOT
[INFO]   from pom.xml
[INFO] --------------------------------[ jar ]---------------------------------
[INFO] 
[INFO] >>> spring-boot:3.4.2:run (default-cli) > test-compile @ career-navigator >>>
[INFO] 
[INFO] --- resources:3.3.1:resources (default-resources) @ career-navigator ---
[INFO] Copying 2 resources from src\main\resources to target\classes
[INFO] Copying 0 resource from src\main\resources to target\classes
[INFO] 
[INFO] --- compiler:3.13.0:compile (default-compile) @ career-navigator ---
[INFO] Recompiling the module because of changed source code.
[INFO] Compiling 28 source files with javac [debug parameters release 17] to target\classes
[INFO] -------------------------------------------------------------
[ERROR] COMPILATION ERROR : 
[INFO] -------------------------------------------------------------
[ERROR] /C:/Users/Divyasha Singh/Desktop/JAVA Backend/career-navigator/backend/src/main/java/com/skillbridge/careernavigator/service/NlpSkillExtractionService.java:[77,11] illegal start of type
[ERROR] /C:/Users/Divyasha Singh/Desktop/JAVA Backend/career-navigator/backend/src/main/java/com/skillbridge/careernavigator/service/NlpSkillExtractionService.java:[77,40] ';' expected
[ERROR] /C:/Users/Divyasha Singh/Desktop/JAVA Backend/career-navigator/backend/src/main/java/com/skillbridge/careernavigator/service/NlpSkillExtractionService.java:[80,11] illegal start of type
[ERROR] /C:/Users/Divyasha Singh/Desktop/JAVA Backend/career-navigator/backend/src/main/java/com/skillbridge/careernavigator/service/NlpSkillExtractionService.java:[80,30] ';' expected
[ERROR] /C:/Users/Divyasha Singh/Desktop/JAVA Backend/career-navigator/backend/src/main/java/com/skillbridge/careernavigator/service/NlpSkillExtractionService.java:[90,13] class, interface, enum, or record expected
[ERROR] /C:/Users/Divyasha Singh/Desktop/JAVA Backend/career-navigator/backend/src/main/java/com/skillbridge/careernavigator/service/NlpSkillExtractionService.java:[93,9] class, interface, enum, or record expected
[ERROR] /C:/Users/Divyasha Singh/Desktop/JAVA Backend/career-navigator/backend/src/main/java/com/skillbridge/careernavigator/service/NlpSkillExtractionService.java:[97,9] class, interface, enum, or record expected
[ERROR] /C:/Users/Divyasha Singh/Desktop/JAVA Backend/career-navigator/backend/src/main/java/com/skillbridge/careernavigator/service/NlpSkillExtractionService.java:[99,9] class, interface, enum, or record expected
[ERROR] /C:/Users/Divyasha Singh/Desktop/JAVA Backend/career-navigator/backend/src/main/java/com/skillbridge/careernavigator/service/NlpSkillExtractionService.java:[104,21] class, interface, enum, or record expected
[ERROR] /C:/Users/Divyasha Singh/Desktop/JAVA Backend/career-navigator/backend/src/main/java/com/skillbridge/careernavigator/service/NlpSkillExtractionService.java:[107,21] class, interface, enum, or record expected
[ERROR] /C:/Users/Divyasha Singh/Desktop/JAVA Backend/career-navigator/backend/src/main/java/com/skillbridge/careernavigator/service/NlpSkillExtractionService.java:[109,21] class, interface, enum, or record expected
[ERROR] /C:/Users/Divyasha Singh/Desktop/JAVA Backend/career-navigator/backend/src/main/java/com/skillbridge/careernavigator/service/NlpSkillExtractionService.java:[113,17] class, interface, enum, or record expected
[ERROR] /C:/Users/Divyasha Singh/Desktop/JAVA Backend/career-navigator/backend/src/main/java/com/skillbridge/careernavigator/service/NlpSkillExtractionService.java:[118,5] class, interface, enum, or record expected
[ERROR] /C:/Users/Divyasha Singh/Desktop/JAVA Backend/career-navigator/backend/src/main/java/com/skillbridge/careernavigator/service/NlpSkillExtractionService.java:[123,9] class, interface, enum, or record expected
[ERROR] /C:/Users/Divyasha Singh/Desktop/JAVA Backend/career-navigator/backend/src/main/java/com/skillbridge/careernavigator/service/NlpSkillExtractionService.java:[126,13] class, interface, enum, or record expected
[ERROR] /C:/Users/Divyasha Singh/Desktop/JAVA Backend/career-navigator/backend/src/main/java/com/skillbridge/careernavigator/service/NlpSkillExtractionService.java:[128,13] class, interface, enum, or record expected
[ERROR] /C:/Users/Divyasha Singh/Desktop/JAVA Backend/career-navigator/backend/src/main/java/com/skillbridge/careernavigator/service/NlpSkillExtractionService.java:[131,5] class, interface, enum, or record expected
[INFO] 17 errors 
[INFO] -------------------------------------------------------------
[INFO] ------------------------------------------------------------------------
[INFO] BUILD FAILURE
[INFO] ------------------------------------------------------------------------
[INFO] Total time:  9.283 s
[INFO] Finished at: 2026-03-19T17:46:04+05:30
[INFO] ------------------------------------------------------------------------
[ERROR] Failed to execute goal org.apache.maven.plugins:maven-compiler-plugin:3.13.0:compile (default-compile) on project career-navigator: Compilation failure: Compilation failure: 
[ERROR] /C:/Users/Divyasha Singh/Desktop/JAVA Backend/career-navigator/backend/src/main/java/com/skillbridge/careernavigator/service/NlpSkillExtractionService.java:[77,11] illegal start of type
[ERROR] /C:/Users/Divyasha Singh/Desktop/JAVA Backend/career-navigator/backend/src/main/java/com/skillbridge/careernavigator/service/NlpSkillExtractionService.java:[77,40] ';' expected
[ERROR] /C:/Users/Divyasha Singh/Desktop/JAVA Backend/career-navigator/backend/src/main/java/com/skillbridge/careernavigator/service/NlpSkillExtractionService.java:[80,11] illegal start of type
[ERROR] /C:/Users/Divyasha Singh/Desktop/JAVA Backend/career-navigator/backend/src/main/java/com/skillbridge/careernavigator/service/NlpSkillExtractionService.java:[80,30] ';' expected
[ERROR] /C:/Users/Divyasha Singh/Desktop/JAVA Backend/career-navigator/backend/src/main/java/com/skillbridge/careernavigator/service/NlpSkillExtractionService.java:[90,13] class, interface, enum, or record expected
[ERROR] /C:/Users/Divyasha Singh/Desktop/JAVA Backend/career-navigator/backend/src/main/java/com/skillbridge/careernavigator/service/NlpSkillExtractionService.java:[93,9] class, interface, enum, or record expected
[ERROR] /C:/Users/Divyasha Singh/Desktop/JAVA Backend/career-navigator/backend/src/main/java/com/skillbridge/careernavigator/service/NlpSkillExtractionService.java:[97,9] class, interface, enum, or record expected
[ERROR] /C:/Users/Divyasha Singh/Desktop/JAVA Backend/career-navigator/backend/src/main/java/com/skillbridge/careernavigator/service/NlpSkillExtractionService.java:[99,9] class, interface, enum, or record expected
[ERROR] /C:/Users/Divyasha Singh/Desktop/JAVA Backend/career-navigator/backend/src/main/java/com/skillbridge/careernavigator/service/NlpSkillExtractionService.java:[104,21] class, interface, enum, or record expected
[ERROR] /C:/Users/Divyasha Singh/Desktop/JAVA Backend/career-navigator/backend/src/main/java/com/skillbridge/careernavigator/service/NlpSkillExtractionService.java:[107,21] class, interface, enum, or record expected
[ERROR] /C:/Users/Divyasha Singh/Desktop/JAVA Backend/career-navigator/backend/src/main/java/com/skillbridge/careernavigator/service/NlpSkillExtractionService.java:[109,21] class, interface, enum, or record expected
[ERROR] /C:/Users/Divyasha Singh/Desktop/JAVA Backend/career-navigator/backend/src/main/java/com/skillbridge/careernavigator/service/NlpSkillExtractionService.java:[113,17] class, interface, enum, or record expected
[ERROR] /C:/Users/Divyasha Singh/Desktop/JAVA Backend/career-navigator/backend/src/main/java/com/skillbridge/careernavigator/service/NlpSkillExtractionService.java:[118,5] class, interface, enum, or record expected
[ERROR] /C:/Users/Divyasha Singh/Desktop/JAVA Backend/career-navigator/backend/src/main/java/com/skillbridge/careernavigator/service/NlpSkillExtractionService.java:[123,9] class, interface, enum, or record expected
[ERROR] /C:/Users/Divyasha Singh/Desktop/JAVA Backend/career-navigator/backend/src/main/java/com/skillbridge/careernavigator/service/NlpSkillExtractionService.java:[126,13] class, interface, enum, or record expected
[ERROR] /C:/Users/Divyasha Singh/Desktop/JAVA Backend/career-navigator/backend/src/main/java/com/skillbridge/careernavigator/service/NlpSkillExtractionService.java:[128,13] class, interface, enum, or record expected
[ERROR] /C:/Users/Divyasha Singh/Desktop/JAVA Backend/career-navigator/backend/src/main/java/com/skillbridge/careernavigator/service/NlpSkillExtractionService.java:[131,5] class, interface, enum, or record expected
[ERROR] -> [Help 1]
[ERROR] 
[ERROR] To see the full stack trace of the errors, re-run Maven with the -e switch.
[ERROR] Re-run Maven using the -X switch to enable full debug logging.
[ERROR] 
[ERROR] For more information about the errors and possible solutions, please read the following articles:
[ERROR] [Help 1] http://cwiki.apache.org/confluence/display/MAVEN/MojoFailureException
